<?xml version="1.0" encoding="UTF-8"?>
<testsuite xmlns:xsi="http://www.w3.org/2001/XMLSchema-instance" xsi:noNamespaceSchemaLocation="https://maven.apache.org/surefire/maven-surefire-plugin/xsd/surefire-test-report.xsd" name="Email.EmailClientTest" time="0.046" tests="8" errors="2" skipped="0" failures="4">
  <properties>
[...]
</properties>
  <testcase name="createAccount_true" classname="Email.EmailClientTest" time="0">
    <error type="java.lang.NullPointerException">java.lang.NullPointerException
	at Email.EmailClientTest.createAccount_true(EmailClientTest.java:177)
</error>
  </testcase>
  <testcase name="isValidEmail_validScenario" classname="Email.EmailClientTest" time="0"/>
  <testcase name="isValidAddress_true" classname="Email.EmailClientTest" time="0"/>
  <testcase name="isValidEmail_invalidScenario_invalidCc" classname="Email.EmailClientTest" time="0">
    <failure message="expected: &lt;false&gt; but was: &lt;true&gt;" type="org.opentest4j.AssertionFailedError"><![CDATA[org.opentest4j.AssertionFailedError: expected: <false> but was: <true>
	at Email.EmailClientTest.isValidEmail_invalidScenario_invalidCc(EmailClientTest.java:146)
]]></failure>
  </testcase>
  <testcase name="isValidEmail_invalidScenario_invalidTo" classname="Email.EmailClientTest" time="0">
    <failure message="expected: &lt;false&gt; but was: &lt;true&gt;" type="org.opentest4j.AssertionFailedError"><![CDATA[org.opentest4j.AssertionFailedError: expected: <false> but was: <true>
	at Email.EmailClientTest.isValidEmail_invalidScenario_invalidTo(EmailClientTest.java:129)
]]></failure>
  </testcase>
  <testcase name="createAccount_False" classname="Email.EmailClientTest" time="0.043">
    <error type="java.lang.NullPointerException">java.lang.NullPointerException
	at Email.EmailClientTest.createAccount_False(EmailClientTest.java:190)
</error>
  </testcase>
  <testcase name="isValidAddress_false" classname="Email.EmailClientTest" time="0.001">
    <failure message="expected: &lt;true&gt; but was: &lt;false&gt;" type="org.opentest4j.AssertionFailedError"><![CDATA[org.opentest4j.AssertionFailedError: expected: <true> but was: <false>
	at Email.EmailClientTest.isValidAddress_false(EmailClientTest.java:94)
]]></failure>
  </testcase>
  <testcase name="isValidEmail_invalidScenario_invalidBcc" classname="Email.EmailClientTest" time="0">
    <failure message="expected: &lt;false&gt; but was: &lt;true&gt;" type="org.opentest4j.AssertionFailedError"><![CDATA[org.opentest4j.AssertionFailedError: expected: <false> but was: <true>
	at Email.EmailClientTest.isValidEmail_invalidScenario_invalidBcc(EmailClientTest.java:163)
]]></failure>
  </testcase>
</testsuite>